<?xml version="1.0" encoding="UTF-8"?>
<testsuite xmlns:xsi="http://www.w3.org/2001/XMLSchema-instance" xsi:noNamespaceSchemaLocation="https://maven.apache.org/surefire/maven-surefire-plugin/xsd/surefire-test-report-3.0.xsd" version="3.0" name="com.lucasnogueira.ejb.BeneficioEjbServiceTest" time="3.936" tests="10" errors="0" skipped="0" failures="0">
  <properties>
[...]
</properties>
  <testcase name="transfer_lancaExcecao_quandoMesmaConta" classname="com.lucasnogueira.ejb.BeneficioEjbServiceTest" time="3.78">
    <system-out><![CDATA[12:55:50.613 [main] ERROR com.lucasnogueira.ejb.validator.ValidadorMesmaConta - Tentativa de transferencia para a mesma conta: id=1
]]></system-out>
  </testcase>
  <testcase name="transfer_devePermitir_quandoAmountMenorQueOSaldo" classname="com.lucasnogueira.ejb.BeneficioEjbServiceTest" time="0.009"/>
  <testcase name="transfer_deveAtualizarValoresCorretamente" classname="com.lucasnogueira.ejb.BeneficioEjbServiceTest" time="0.015"/>
  <testcase name="transfer_lancaExcecao_quandoDestinoNaoEncontrado" classname="com.lucasnogueira.ejb.BeneficioEjbServiceTest" time="0.007">
    <system-out><![CDATA[12:55:50.736 [main] ERROR com.lucasnogueira.ejb.validator.ValidadorBeneficioExistente - Beneficio de destino nao encontrado: id=99
]]></system-out>
  </testcase>
  <testcase name="transfer_deveChamarFlushAposPersistir" classname="com.lucasnogueira.ejb.BeneficioEjbServiceTest" time="0.007"/>
  <testcase name="transfer_lancaExcecao_quandoOrigemNaoEncontrada" classname="com.lucasnogueira.ejb.BeneficioEjbServiceTest" time="0.008">
    <system-out><![CDATA[12:55:50.754 [main] ERROR com.lucasnogueira.ejb.validator.ValidadorBeneficioExistente - Beneficio de origem nao encontrado: id=99
]]></system-out>
  </testcase>
  <testcase name="transfer_deveLancarExcecao_quandoSaldoInsuficiente" classname="com.lucasnogueira.ejb.BeneficioEjbServiceTest" time="0.007"/>
  <testcase name="transfer_lancaExcecao_quandoValorNegativo" classname="com.lucasnogueira.ejb.BeneficioEjbServiceTest" time="0.009">
    <system-out><![CDATA[12:55:50.771 [main] ERROR com.lucasnogueira.ejb.validator.ValidadorValorPositivo - Valor invalido para transferencia: -50.00
]]></system-out>
  </testcase>
  <testcase name="transfer_lancaExcecao_quandoValorZero" classname="com.lucasnogueira.ejb.BeneficioEjbServiceTest" time="0.009">
    <system-out><![CDATA[12:55:50.783 [main] ERROR com.lucasnogueira.ejb.validator.ValidadorValorPositivo - Valor invalido para transferencia: 0
]]></system-out>
  </testcase>
  <testcase name="transfer_devePermitir_quandoValorIgualAoSaldoTotal" classname="com.lucasnogueira.ejb.BeneficioEjbServiceTest" time="0.005"/>
</testsuite>